\BOOKMARK [0][-]{chapter.1}{\376\377\173\054\0001\172\340\000\040\000\040\000T\000r\000e\000e}{}% 1
\BOOKMARK [1][-]{section.1.1}{\376\377\0001\000.\0001\000\040\000M\000a\000x\000i\000m\000u\000m\000\040\000D\000e\000p\000t\000h\000\040\000o\000f\000\040\000B\000i\000n\000a\000r\000y\000\040\000T\000r\000e\000e}{chapter.1}% 2
\BOOKMARK [1][-]{section.1.2}{\376\377\0001\000.\0002\000\040\000I\000n\000v\000e\000r\000t\000\040\000B\000i\000n\000a\000r\000y\000\040\000T\000r\000e\000e}{chapter.1}% 3
\BOOKMARK [1][-]{section.1.3}{\376\377\0001\000.\0003\000\040\000S\000a\000m\000e\000\040\000T\000r\000e\000e}{chapter.1}% 4
\BOOKMARK [1][-]{section.1.4}{\376\377\0001\000.\0004\000\040\000B\000i\000n\000a\000r\000y\000\040\000S\000e\000a\000r\000c\000h\000\040\000T\000r\000e\000e\000\040\000I\000t\000e\000r\000a\000t\000o\000r}{chapter.1}% 5
\BOOKMARK [1][-]{section.1.5}{\376\377\0001\000.\0005\000\040\000L\000o\000w\000e\000s\000t\000\040\000C\000o\000m\000m\000o\000n\000\040\000A\000n\000c\000e\000s\000t\000o\000r\000\040\000o\000f\000\040\000a\000\040\000B\000i\000n\000a\000r\000y\000\040\000S\000e\000a\000r\000c\000h\000\040\000T\000r\000e\000e}{chapter.1}% 6
\BOOKMARK [1][-]{section.1.6}{\376\377\0001\000.\0006\000\040\000B\000a\000l\000a\000n\000c\000e\000d\000\040\000B\000i\000n\000a\000r\000y\000\040\000T\000r\000e\000e}{chapter.1}% 7
\BOOKMARK [1][-]{section.1.7}{\376\377\0001\000.\0007\000\040\000B\000i\000n\000a\000r\000y\000\040\000T\000r\000e\000e\000\040\000M\000a\000x\000i\000m\000u\000m\000\040\000P\000a\000t\000h\000\040\000S\000u\000m}{chapter.1}% 8
\BOOKMARK [1][-]{section.1.8}{\376\377\0001\000.\0008\000\040\000P\000o\000p\000u\000l\000a\000t\000i\000n\000g\000\040\000N\000e\000x\000t\000\040\000R\000i\000g\000h\000t\000\040\000P\000o\000i\000n\000t\000e\000r\000s\000\040\000i\000n\000\040\000E\000a\000c\000h\000\040\000N\000o\000d\000e}{chapter.1}% 9
\BOOKMARK [1][-]{section.1.9}{\376\377\0001\000.\0009\000\040\000P\000o\000p\000u\000l\000a\000t\000i\000n\000g\000\040\000N\000e\000x\000t\000\040\000R\000i\000g\000h\000t\000\040\000P\000o\000i\000n\000t\000e\000r\000s\000\040\000i\000n\000\040\000E\000a\000c\000h\000\040\000N\000o\000d\000e\000\040\000I\000I}{chapter.1}% 10
\BOOKMARK [1][-]{section.1.10}{\376\377\0001\000.\0001\0000\000\040\000C\000o\000n\000v\000e\000r\000t\000\040\000S\000o\000r\000t\000e\000d\000\040\000A\000r\000r\000a\000y\000\040\000t\000o\000\040\000B\000i\000n\000a\000r\000y\000\040\000S\000e\000a\000r\000c\000h\000\040\000T\000r\000e\000e}{chapter.1}% 11
\BOOKMARK [1][-]{section.1.11}{\376\377\0001\000.\0001\0001\000\040\000S\000y\000m\000m\000e\000t\000r\000i\000c\000\040\000T\000r\000e\000e}{chapter.1}% 12
\BOOKMARK [1][-]{section.1.12}{\376\377\0001\000.\0001\0002\000\040\000L\000o\000w\000e\000s\000t\000\040\000C\000o\000m\000m\000o\000n\000\040\000A\000n\000c\000e\000s\000t\000o\000r\000\040\000o\000f\000\040\000a\000\040\000B\000i\000n\000a\000r\000y\000\040\000T\000r\000e\000e}{chapter.1}% 13
\BOOKMARK [1][-]{section.1.13}{\376\377\0001\000.\0001\0003\000\040\000B\000i\000n\000a\000r\000y\000\040\000T\000r\000e\000e\000\040\000L\000e\000v\000e\000l\000\040\000O\000r\000d\000e\000r\000\040\000T\000r\000a\000v\000e\000r\000s\000a\000l}{chapter.1}% 14
\BOOKMARK [1][-]{section.1.14}{\376\377\0001\000.\0001\0004\000\040\000B\000i\000n\000a\000r\000y\000\040\000T\000r\000e\000e\000\040\000L\000e\000v\000e\000l\000\040\000O\000r\000d\000e\000r\000\040\000T\000r\000a\000v\000e\000r\000s\000a\000l\000\040\000I\000I}{chapter.1}% 15
\BOOKMARK [1][-]{section.1.15}{\376\377\0001\000.\0001\0005\000\040\000B\000i\000n\000a\000r\000y\000\040\000T\000r\000e\000e\000\040\000Z\000i\000g\000z\000a\000g\000\040\000L\000e\000v\000e\000l\000\040\000O\000r\000d\000e\000r\000\040\000T\000r\000a\000v\000e\000r\000s\000a\000l}{chapter.1}% 16
\BOOKMARK [1][-]{section.1.16}{\376\377\0001\000.\0001\0006\000\040\000S\000e\000r\000i\000a\000l\000i\000z\000e\000\040\000a\000n\000d\000\040\000D\000e\000s\000e\000r\000i\000a\000l\000i\000z\000e\000\040\000B\000i\000n\000a\000r\000y\000\040\000T\000r\000e\000e}{chapter.1}% 17
\BOOKMARK [1][-]{section.1.17}{\376\377\0001\000.\0001\0007\000\040\000C\000o\000u\000n\000t\000\040\000C\000o\000m\000p\000l\000e\000t\000e\000\040\000T\000r\000e\000e\000\040\000N\000o\000d\000e\000s}{chapter.1}% 18
\BOOKMARK [1][-]{section.1.18}{\376\377\0001\000.\0001\0008\000\040\000C\000o\000n\000s\000t\000r\000u\000c\000t\000\040\000B\000i\000n\000a\000r\000y\000\040\000T\000r\000e\000e\000\040\000f\000r\000o\000m\000\040\000P\000r\000e\000o\000r\000d\000e\000r\000\040\000a\000n\000d\000\040\000I\000n\000o\000r\000d\000e\000r\000\040\000T\000r\000a\000v\000e\000r\000s\000a\000l}{chapter.1}% 19
\BOOKMARK [1][-]{section.1.19}{\376\377\0001\000.\0001\0009\000\040\000C\000o\000n\000s\000t\000r\000u\000c\000t\000\040\000B\000i\000n\000a\000r\000y\000\040\000T\000r\000e\000e\000\040\000f\000r\000o\000m\000\040\000I\000n\000o\000r\000d\000e\000r\000\040\000a\000n\000d\000\040\000P\000o\000s\000t\000o\000r\000d\000e\000r\000\040\000T\000r\000a\000v\000e\000r\000s\000a\000l}{chapter.1}% 20
\BOOKMARK [1][-]{section.1.20}{\376\377\0001\000.\0002\0000\000\040\000P\000a\000t\000h\000\040\000S\000u\000m}{chapter.1}% 21
\BOOKMARK [1][-]{section.1.21}{\376\377\0001\000.\0002\0001\000\040\000P\000a\000t\000h\000\040\000S\000u\000m\000\040\000I\000I}{chapter.1}% 22
\BOOKMARK [1][-]{section.1.22}{\376\377\0001\000.\0002\0002\000\040\000P\000a\000t\000h\000\040\000S\000u\000m\000\040\000I\000I\000I}{chapter.1}% 23
\BOOKMARK [1][-]{section.1.23}{\376\377\0001\000.\0002\0003\000\040\000R\000e\000c\000o\000v\000e\000r\000\040\000B\000i\000n\000a\000r\000y\000\040\000S\000e\000a\000r\000c\000h\000\040\000T\000r\000e\000e}{chapter.1}% 24
\BOOKMARK [1][-]{section.1.24}{\376\377\0001\000.\0002\0004\000\040\000B\000i\000n\000a\000r\000y\000\040\000T\000r\000e\000e\000\040\000P\000a\000t\000h\000s}{chapter.1}% 25
\BOOKMARK [1][-]{section.1.25}{\376\377\0001\000.\0002\0005\000\040\000F\000l\000a\000t\000t\000e\000n\000\040\000B\000i\000n\000a\000r\000y\000\040\000T\000r\000e\000e\000\040\000t\000o\000\040\000L\000i\000n\000k\000e\000d\000\040\000L\000i\000s\000t}{chapter.1}% 26
\BOOKMARK [1][-]{section.1.26}{\376\377\0001\000.\0002\0006\000\040\000B\000i\000n\000a\000r\000y\000\040\000T\000r\000e\000e\000\040\000R\000i\000g\000h\000t\000\040\000S\000i\000d\000e\000\040\000V\000i\000e\000w}{chapter.1}% 27
\BOOKMARK [1][-]{section.1.27}{\376\377\0001\000.\0002\0007\000\040\000K\000t\000h\000\040\000S\000m\000a\000l\000l\000e\000s\000t\000\040\000E\000l\000e\000m\000e\000n\000t\000\040\000i\000n\000\040\000a\000\040\000B\000S\000T}{chapter.1}% 28
\BOOKMARK [1][-]{section.1.28}{\376\377\0001\000.\0002\0008\000\040\000U\000n\000i\000q\000u\000e\000\040\000B\000i\000n\000a\000r\000y\000\040\000S\000e\000a\000r\000c\000h\000\040\000T\000r\000e\000e\000s}{chapter.1}% 29
\BOOKMARK [1][-]{section.1.29}{\376\377\0001\000.\0002\0009\000\040\000U\000n\000i\000q\000u\000e\000\040\000B\000i\000n\000a\000r\000y\000\040\000S\000e\000a\000r\000c\000h\000\040\000T\000r\000e\000e\000s\000\040\000I\000I}{chapter.1}% 30
\BOOKMARK [1][-]{section.1.30}{\376\377\0001\000.\0003\0000\000\040\000H\000o\000u\000s\000e\000\040\000R\000o\000b\000b\000e\000r\000\040\000I\000I\000I}{chapter.1}% 31
\BOOKMARK [1][-]{section.1.31}{\376\377\0001\000.\0003\0001\000\040\000B\000i\000n\000a\000r\000y\000\040\000T\000r\000e\000e\000\040\000P\000r\000e\000o\000r\000d\000e\000r\000\040\000T\000r\000a\000v\000e\000r\000s\000a\000l}{chapter.1}% 32
\BOOKMARK [1][-]{section.1.32}{\376\377\0001\000.\0003\0002\000\040\000B\000i\000n\000a\000r\000y\000\040\000T\000r\000e\000e\000\040\000I\000n\000o\000r\000d\000e\000r\000\040\000T\000r\000a\000v\000e\000r\000s\000a\000l}{chapter.1}% 33
\BOOKMARK [1][-]{section.1.33}{\376\377\0001\000.\0003\0003\000\040\000B\000i\000n\000a\000r\000y\000\040\000T\000r\000e\000e\000\040\000P\000o\000s\000t\000o\000r\000d\000e\000r\000\040\000T\000r\000a\000v\000e\000r\000s\000a\000l}{chapter.1}% 34
\BOOKMARK [1][-]{section.1.34}{\376\377\0001\000.\0003\0004\000\040\000M\000i\000n\000i\000m\000u\000m\000\040\000D\000e\000p\000t\000h\000\040\000o\000f\000\040\000B\000i\000n\000a\000r\000y\000\040\000T\000r\000e\000e}{chapter.1}% 35
\BOOKMARK [1][-]{section.1.35}{\376\377\0001\000.\0003\0005\000\040\000C\000o\000u\000n\000t\000\040\000U\000n\000i\000v\000a\000l\000u\000e\000\040\000S\000u\000b\000t\000r\000e\000e\000s}{chapter.1}% 36
\BOOKMARK [1][-]{section.1.36}{\376\377\0001\000.\0003\0006\000\040\000V\000a\000l\000i\000d\000a\000t\000e\000\040\000B\000i\000n\000a\000r\000y\000\040\000S\000e\000a\000r\000c\000h\000\040\000T\000r\000e\000e}{chapter.1}% 37
\BOOKMARK [1][-]{section.1.37}{\376\377\0001\000.\0003\0007\000\040\000B\000i\000n\000a\000r\000y\000\040\000T\000r\000e\000e\000\040\000U\000p\000s\000i\000d\000e\000\040\000D\000o\000w\000n}{chapter.1}% 38
\BOOKMARK [1][-]{section.1.38}{\376\377\0001\000.\0003\0008\000\040\000S\000u\000m\000\040\000R\000o\000o\000t\000\040\000t\000o\000\040\000L\000e\000a\000f\000\040\000N\000u\000m\000b\000e\000r\000s}{chapter.1}% 39
\BOOKMARK [1][-]{section.1.39}{\376\377\0001\000.\0003\0009\000\040\000I\000n\000o\000r\000d\000e\000r\000\040\000S\000u\000c\000c\000e\000s\000s\000o\000r\000\040\000i\000n\000\040\000B\000S\000T}{chapter.1}% 40
\BOOKMARK [1][-]{section.1.40}{\376\377\0001\000.\0004\0000\000\040\000B\000i\000n\000a\000r\000y\000\040\000T\000r\000e\000e\000\040\000L\000o\000n\000g\000e\000s\000t\000\040\000C\000o\000n\000s\000e\000c\000u\000t\000i\000v\000e\000\040\000S\000e\000q\000u\000e\000n\000c\000e}{chapter.1}% 41
\BOOKMARK [1][-]{section.1.41}{\376\377\0001\000.\0004\0001\000\040\000D\000e\000l\000e\000t\000e\000\040\000N\000o\000d\000e\000\040\000i\000n\000\040\000a\000\040\000B\000S\000T}{chapter.1}% 42
\BOOKMARK [1][-]{section.1.42}{\376\377\0001\000.\0004\0002\000\040\000V\000e\000r\000i\000f\000y\000\040\000P\000r\000e\000o\000r\000d\000e\000r\000\040\000S\000e\000q\000u\000e\000n\000c\000e\000\040\000i\000n\000\040\000B\000i\000n\000a\000r\000y\000\040\000S\000e\000a\000r\000c\000h\000\040\000T\000r\000e\000e}{chapter.1}% 43
\BOOKMARK [1][-]{section.1.43}{\376\377\0001\000.\0004\0003\000\040\000C\000l\000o\000s\000e\000s\000t\000\040\000B\000i\000n\000a\000r\000y\000\040\000S\000e\000a\000r\000c\000h\000\040\000T\000r\000e\000e\000\040\000V\000a\000l\000u\000e}{chapter.1}% 44
\BOOKMARK [1][-]{section.1.44}{\376\377\0001\000.\0004\0004\000\040\000C\000l\000o\000s\000e\000s\000t\000\040\000B\000i\000n\000a\000r\000y\000\040\000S\000e\000a\000r\000c\000h\000\040\000T\000r\000e\000e\000\040\000V\000a\000l\000u\000e\000\040\000I\000I}{chapter.1}% 45
\BOOKMARK [1][-]{section.1.45}{\376\377\0001\000.\0004\0005\000\040\000S\000u\000m\000\040\000o\000f\000\040\000L\000e\000f\000t\000\040\000L\000e\000a\000v\000e\000s}{chapter.1}% 46
\BOOKMARK [1][-]{section.1.46}{\376\377\0001\000.\0004\0006\000\040\000F\000i\000n\000d\000\040\000L\000e\000a\000v\000e\000s\000\040\000o\000f\000\040\000B\000i\000n\000a\000r\000y\000\040\000T\000r\000e\000e}{chapter.1}% 47
\BOOKMARK [1][-]{section.1.47}{\376\377\0001\000.\0004\0007\000\040\000L\000a\000r\000g\000e\000s\000t\000\040\000B\000S\000T\000\040\000S\000u\000b\000t\000r\000e\000e}{chapter.1}% 48
\BOOKMARK [1][-]{section.1.48}{\376\377\0001\000.\0004\0008\000\040\000F\000i\000n\000d\000\040\000M\000o\000d\000e\000\040\000i\000n\000\040\000B\000i\000n\000a\000r\000y\000\040\000S\000e\000a\000r\000c\000h\000\040\000T\000r\000e\000e}{chapter.1}% 49
\BOOKMARK [1][-]{section.1.49}{\376\377\0001\000.\0004\0009\000\040\000M\000o\000s\000t\000\040\000F\000r\000e\000q\000u\000e\000n\000t\000\040\000S\000u\000b\000t\000r\000e\000e\000\040\000S\000u\000m}{chapter.1}% 50
\BOOKMARK [1][-]{section.1.50}{\376\377\0001\000.\0005\0000\000\040\000F\000i\000n\000d\000\040\000L\000a\000r\000g\000e\000s\000t\000\040\000V\000a\000l\000u\000e\000\040\000i\000n\000\040\000E\000a\000c\000h\000\040\000T\000r\000e\000e\000\040\000R\000o\000w}{chapter.1}% 51
\BOOKMARK [1][-]{section.1.51}{\376\377\0001\000.\0005\0001\000\040\000F\000i\000n\000d\000\040\000B\000o\000t\000t\000o\000m\000\040\000L\000e\000f\000t\000\040\000T\000r\000e\000e\000\040\000V\000a\000l\000u\000e}{chapter.1}% 52
\BOOKMARK [1][-]{section.1.52}{\376\377\0001\000.\0005\0002\000\040\000R\000a\000n\000g\000e\000\040\000S\000u\000m\000\040\000Q\000u\000e\000r\000y\000\040\000-\000\040\000M\000u\000t\000a\000b\000l\000e}{chapter.1}% 53
\BOOKMARK [1][-]{section.1.53}{\376\377\0001\000.\0005\0003\000\040\000R\000a\000n\000g\000e\000\040\000S\000u\000m\000\040\000Q\000u\000e\000r\000y\000\040\0002\000D\000\040\000-\000\040\000M\000u\000t\000a\000b\000l\000e}{chapter.1}% 54
