\BOOKMARK [0][-]{chapter.1}{\376\377\173\054\0001\172\340\000\040\000\040\000B\000a\000c\000k\000t\000r\000a\000c\000k\000i\000n\000g}{}% 1
\BOOKMARK [1][-]{section.1.1}{\376\377\0001\000.\0001\000\040\000R\000e\000g\000u\000l\000a\000r\000\040\000E\000x\000p\000r\000e\000s\000s\000i\000o\000n\000\040\000M\000a\000t\000c\000h\000i\000n\000g}{chapter.1}% 2
\BOOKMARK [1][-]{section.1.2}{\376\377\0001\000.\0002\000\040\000W\000i\000l\000d\000c\000a\000r\000d\000\040\000M\000a\000t\000c\000h\000i\000n\000g}{chapter.1}% 3
\BOOKMARK [1][-]{section.1.3}{\376\377\0001\000.\0003\000\040\000L\000e\000t\000t\000e\000r\000\040\000C\000o\000m\000b\000i\000n\000a\000t\000i\000o\000n\000s\000\040\000o\000f\000\040\000a\000\040\000P\000h\000o\000n\000e\000\040\000N\000u\000m\000b\000e\000r}{chapter.1}% 4
\BOOKMARK [1][-]{section.1.4}{\376\377\0001\000.\0004\000\040\000G\000e\000n\000e\000r\000a\000t\000e\000\040\000P\000a\000r\000e\000n\000t\000h\000e\000s\000e\000s}{chapter.1}% 5
\BOOKMARK [1][-]{section.1.5}{\376\377\0001\000.\0005\000\040\000P\000e\000r\000m\000u\000t\000a\000t\000i\000o\000n\000s}{chapter.1}% 6
\BOOKMARK [1][-]{section.1.6}{\376\377\0001\000.\0006\000\040\000P\000e\000r\000m\000u\000t\000a\000t\000i\000o\000n\000s\000\040\000I\000I}{chapter.1}% 7
\BOOKMARK [1][-]{section.1.7}{\376\377\0001\000.\0007\000\040\000P\000e\000r\000m\000u\000t\000a\000t\000i\000o\000n\000\040\000S\000e\000q\000u\000e\000n\000c\000e}{chapter.1}% 8
\BOOKMARK [1][-]{section.1.8}{\376\377\0001\000.\0008\000\040\000W\000o\000r\000d\000\040\000S\000e\000a\000r\000c\000h}{chapter.1}% 9
\BOOKMARK [1][-]{section.1.9}{\376\377\0001\000.\0009\000\040\000W\000o\000r\000d\000\040\000S\000e\000a\000r\000c\000h\000\040\000I\000I}{chapter.1}% 10
\BOOKMARK [1][-]{section.1.10}{\376\377\0001\000.\0001\0000\000\040\000W\000o\000r\000d\000\040\000B\000r\000e\000a\000k\000\040\000I\000I}{chapter.1}% 11
\BOOKMARK [1][-]{section.1.11}{\376\377\0001\000.\0001\0001\000\040\000C\000o\000m\000b\000i\000n\000a\000t\000i\000o\000n\000\040\000S\000u\000m}{chapter.1}% 12
\BOOKMARK [1][-]{section.1.12}{\376\377\0001\000.\0001\0002\000\040\000C\000o\000m\000b\000i\000n\000a\000t\000i\000o\000n\000\040\000S\000u\000m\000\040\000I\000I}{chapter.1}% 13
\BOOKMARK [1][-]{section.1.13}{\376\377\0001\000.\0001\0003\000\040\000C\000o\000m\000b\000i\000n\000a\000t\000i\000o\000n\000\040\000S\000u\000m\000\040\000I\000I\000I}{chapter.1}% 14
\BOOKMARK [1][-]{section.1.14}{\376\377\0001\000.\0001\0004\000\040\000C\000o\000m\000b\000i\000n\000a\000t\000i\000o\000n\000\040\000S\000u\000m\000\040\000I\000V}{chapter.1}% 15
\BOOKMARK [1][-]{section.1.15}{\376\377\0001\000.\0001\0005\000\040\000N\000-\000Q\000u\000e\000e\000n\000s}{chapter.1}% 16
\BOOKMARK [1][-]{section.1.16}{\376\377\0001\000.\0001\0006\000\040\000N\000-\000Q\000u\000e\000e\000n\000s\000\040\000I\000I}{chapter.1}% 17
\BOOKMARK [1][-]{section.1.17}{\376\377\0001\000.\0001\0007\000\040\000S\000u\000b\000s\000e\000t\000s}{chapter.1}% 18
\BOOKMARK [1][-]{section.1.18}{\376\377\0001\000.\0001\0008\000\040\000S\000u\000b\000s\000e\000t\000s\000\040\000I\000I}{chapter.1}% 19
\BOOKMARK [1][-]{section.1.19}{\376\377\0001\000.\0001\0009\000\040\000S\000u\000d\000o\000k\000u\000\040\000S\000o\000l\000v\000e\000r}{chapter.1}% 20
\BOOKMARK [1][-]{section.1.20}{\376\377\0001\000.\0002\0000\000\040\000C\000o\000m\000b\000i\000n\000a\000t\000i\000o\000n\000s}{chapter.1}% 21
\BOOKMARK [1][-]{section.1.21}{\376\377\0001\000.\0002\0001\000\040\000R\000e\000s\000t\000o\000r\000e\000\040\000I\000P\000\040\000A\000d\000d\000r\000e\000s\000s\000e\000s}{chapter.1}% 22
\BOOKMARK [1][-]{section.1.22}{\376\377\0001\000.\0002\0002\000\040\000W\000o\000r\000d\000\040\000L\000a\000d\000d\000e\000r}{chapter.1}% 23
\BOOKMARK [1][-]{section.1.23}{\376\377\0001\000.\0002\0003\000\040\000W\000o\000r\000d\000\040\000L\000a\000d\000d\000e\000r\000\040\000I\000I}{chapter.1}% 24
\BOOKMARK [1][-]{section.1.24}{\376\377\0001\000.\0002\0004\000\040\000P\000a\000l\000i\000n\000d\000r\000o\000m\000e\000\040\000P\000a\000r\000t\000i\000t\000i\000o\000n\000i\000n\000g}{chapter.1}% 25
\BOOKMARK [1][-]{section.1.25}{\376\377\0001\000.\0002\0005\000\040\000P\000a\000l\000i\000n\000d\000r\000o\000m\000e\000\040\000P\000a\000r\000t\000i\000t\000i\000o\000n\000i\000n\000g\000\040\000I\000I}{chapter.1}% 26
\BOOKMARK [1][-]{section.1.26}{\376\377\0001\000.\0002\0006\000\040\000P\000a\000l\000i\000n\000d\000r\000o\000m\000e\000\040\000P\000e\000r\000m\000u\000t\000a\000t\000i\000o\000n}{chapter.1}% 27
\BOOKMARK [1][-]{section.1.27}{\376\377\0001\000.\0002\0007\000\040\000P\000a\000l\000i\000n\000d\000r\000o\000m\000e\000\040\000P\000e\000r\000m\000u\000t\000a\000t\000i\000o\000n\000\040\000I\000I}{chapter.1}% 28
\BOOKMARK [1][-]{section.1.28}{\376\377\0001\000.\0002\0008\000\040\000G\000e\000n\000e\000r\000a\000l\000i\000z\000e\000d\000\040\000A\000b\000b\000r\000e\000v\000i\000a\000t\000i\000o\000n}{chapter.1}% 29
\BOOKMARK [1][-]{section.1.29}{\376\377\0001\000.\0002\0009\000\040\000B\000i\000n\000a\000r\000y\000\040\000W\000a\000t\000c\000h}{chapter.1}% 30
\BOOKMARK [1][-]{section.1.30}{\376\377\0001\000.\0003\0000\000\040\000A\000d\000d\000\040\000a\000n\000d\000\040\000S\000e\000a\000r\000c\000h\000\040\000W\000o\000r\000d}{chapter.1}% 31
\BOOKMARK [1][-]{section.1.31}{\376\377\0001\000.\0003\0001\000\040\000F\000a\000c\000t\000o\000r\000\040\000C\000o\000m\000b\000i\000n\000a\000t\000i\000o\000n\000s}{chapter.1}% 32
\BOOKMARK [1][-]{section.1.32}{\376\377\0001\000.\0003\0002\000\040\000V\000a\000l\000i\000d\000\040\000W\000o\000r\000d\000\040\000S\000q\000u\000a\000r\000e}{chapter.1}% 33
\BOOKMARK [1][-]{section.1.33}{\376\377\0001\000.\0003\0003\000\040\000W\000o\000r\000d\000\040\000S\000q\000u\000a\000r\000e\000s}{chapter.1}% 34
\BOOKMARK [1][-]{section.1.34}{\376\377\0001\000.\0003\0004\000\040\000B\000e\000a\000u\000t\000i\000f\000u\000l\000\040\000A\000r\000r\000a\000n\000g\000e\000m\000e\000n\000t}{chapter.1}% 35
\BOOKMARK [1][-]{section.1.35}{\376\377\0001\000.\0003\0005\000\040\000F\000l\000i\000p\000\040\000G\000a\000m\000e}{chapter.1}% 36
\BOOKMARK [1][-]{section.1.36}{\376\377\0001\000.\0003\0006\000\040\000F\000l\000i\000p\000\040\000G\000a\000m\000e\000\040\000I\000I}{chapter.1}% 37
\BOOKMARK [1][-]{section.1.37}{\376\377\0001\000.\0003\0007\000\040\000A\000n\000d\000r\000o\000i\000d\000\040\000U\000n\000l\000o\000c\000k\000\040\000P\000a\000t\000t\000e\000r\000n\000s}{chapter.1}% 38
